INFO main de.htwg.se.de.htwg.se.setgame.aview.tui - Welcome to SetGame!!!! 
Well ist not that hard to play ;)
If you found a set please write : set PlayerOne (or PlayerTwo) and the number of the fields 1 2 3 (0-11)
if you need a tipp plese write h
if you want to know the solution please write s
If you want to know the game point please write GetPoints
if you want to solve the set with out knowing just write solve
Set size of the field 3-80 size number
For a newGame please write nw
Have fun!!! if you want to finish the game please write exit
    [0]        [1]        [2]    
|  red   |  | green  |  | purple |  
|  balk  |  |  wave  |  | ovally |  
|   2    |  |   1    |  |   3    |  
|  fill  |  |halffill|  | empty  |  
    [3]        [4]        [5]    
| purple |  | green  |  | purple |  
|  wave  |  |  wave  |  |  balk  |  
|   1    |  |   2    |  |   3    |  
|  fill  |  |  fill  |  | empty  |  
    [6]        [7]        [8]    
| purple |  | purple |  |  red   |  
|  balk  |  | ovally |  |  balk  |  
|   3    |  |   3    |  |   2    |  
|  fill  |  |  fill  |  |halffill|  
    [9]        [10]        [11]    
|  red   |  | purple |  |  red   |  
| ovally |  |  balk  |  |  balk  |  
|   1    |  |   2    |  |   3    |  
| empty  |  |halffill|  | empty  |  

INFO Timer-1 de.htwg.se.de.htwg.se.setgame.aview.tui - Welcome to SetGame!!!! 
Well ist not that hard to play ;)
If you found a set please write : set PlayerOne (or PlayerTwo) and the number of the fields 1 2 3 (0-11)
if you need a tipp plese write h
if you want to know the solution please write s
If you want to know the game point please write GetPoints
if you want to solve the set with out knowing just write solve
Set size of the field 3-80 size number
For a newGame please write nw
Have fun!!! if you want to finish the game please write exit
    [0]        [1]        [2]    
| purple |  |  red   |  |  red   |  
| ovally |  |  wave  |  | ovally |  
|   2    |  |   3    |  |   2    |  
|  fill  |  |  fill  |  |  fill  |  
    [3]        [4]        [5]    
| purple |  | green  |  | purple |  
|  wave  |  |  wave  |  |  balk  |  
|   1    |  |   2    |  |   3    |  
|  fill  |  |  fill  |  | empty  |  
    [6]        [7]        [8]    
| purple |  | purple |  |  red   |  
|  balk  |  | ovally |  |  balk  |  
|   3    |  |   3    |  |   2    |  
|  fill  |  |  fill  |  |halffill|  
    [9]        [10]        [11]    
|  red   |  | purple |  |  red   |  
| ovally |  |  balk  |  |  balk  |  
|   1    |  |   2    |  |   3    |  
| empty  |  |halffill|  | empty  |  

INFO Timer-1 de.htwg.se.de.htwg.se.setgame.aview.tui - Welcome to SetGame!!!! 
Well ist not that hard to play ;)
If you found a set please write : set PlayerOne (or PlayerTwo) and the number of the fields 1 2 3 (0-11)
if you need a tipp plese write h
if you want to know the solution please write s
If you want to know the game point please write GetPoints
if you want to solve the set with out knowing just write solve
Set size of the field 3-80 size number
For a newGame please write nw
Have fun!!! if you want to finish the game please write exit
    [0]        [1]        [2]    
| green  |  |  red   |  |  red   |  
|  balk  |  |  wave  |  | ovally |  
|   3    |  |   3    |  |   2    |  
| empty  |  |  fill  |  |  fill  |  
    [3]        [4]        [5]    
| purple |  | green  |  | purple |  
|  wave  |  |  wave  |  |  balk  |  
|   1    |  |   2    |  |   3    |  
|halffill|  |  fill  |  | empty  |  
    [6]        [7]        [8]    
| purple |  | purple |  |  red   |  
|  wave  |  | ovally |  |  balk  |  
|   3    |  |   3    |  |   2    |  
| empty  |  |  fill  |  |halffill|  
    [9]        [10]        [11]    
|  red   |  | purple |  |  red   |  
| ovally |  |  balk  |  |  balk  |  
|   1    |  |   2    |  |   3    |  
| empty  |  |halffill|  | empty  |  

INFO Timer-1 de.htwg.se.de.htwg.se.setgame.aview.tui - Welcome to SetGame!!!! 
Well ist not that hard to play ;)
If you found a set please write : set PlayerOne (or PlayerTwo) and the number of the fields 1 2 3 (0-11)
if you need a tipp plese write h
if you want to know the solution please write s
If you want to know the game point please write GetPoints
if you want to solve the set with out knowing just write solve
Set size of the field 3-80 size number
For a newGame please write nw
Have fun!!! if you want to finish the game please write exit
    [0]        [1]        [2]    
| green  |  |  red   |  |  red   |  
|  balk  |  |  wave  |  |  wave  |  
|   1    |  |   3    |  |   2    |  
|halffill|  |  fill  |  | empty  |  
    [3]        [4]        [5]    
| green  |  | green  |  | purple |  
| ovally |  |  wave  |  |  balk  |  
|   1    |  |   2    |  |   3    |  
|halffill|  |  fill  |  | empty  |  
    [6]        [7]        [8]    
| purple |  | purple |  |  red   |  
|  wave  |  | ovally |  |  balk  |  
|   3    |  |   3    |  |   2    |  
| empty  |  |  fill  |  |halffill|  
    [9]        [10]        [11]    
|  red   |  | purple |  |  red   |  
| ovally |  |  balk  |  |  balk  |  
|   1    |  |   2    |  |   3    |  
| empty  |  |halffill|  | empty  |  

INFO Timer-1 de.htwg.se.de.htwg.se.setgame.aview.tui - Welcome to SetGame!!!! 
Well ist not that hard to play ;)
If you found a set please write : set PlayerOne (or PlayerTwo) and the number of the fields 1 2 3 (0-11)
if you need a tipp plese write h
if you want to know the solution please write s
If you want to know the game point please write GetPoints
if you want to solve the set with out knowing just write solve
Set size of the field 3-80 size number
For a newGame please write nw
Have fun!!! if you want to finish the game please write exit
    [0]        [1]        [2]    
| purple |  |  red   |  |  red   |  
|  wave  |  |  wave  |  |  wave  |  
|   2    |  |   3    |  |   1    |  
|  fill  |  |  fill  |  |  fill  |  
    [3]        [4]        [5]    
| green  |  | green  |  | purple |  
| ovally |  |  wave  |  |  balk  |  
|   1    |  |   2    |  |   3    |  
|halffill|  |  fill  |  | empty  |  
    [6]        [7]        [8]    
| purple |  |  red   |  |  red   |  
|  wave  |  | ovally |  |  balk  |  
|   3    |  |   2    |  |   2    |  
| empty  |  |halffill|  |halffill|  
    [9]        [10]        [11]    
|  red   |  | purple |  |  red   |  
| ovally |  |  balk  |  |  balk  |  
|   1    |  |   2    |  |   3    |  
| empty  |  |halffill|  | empty  |  

INFO AWT-EventQueue-0 de.htwg.se.de.htwg.se.setgame.aview.tui - Welcome to SetGame!!!! 
Well ist not that hard to play ;)
If you found a set please write : set PlayerOne (or PlayerTwo) and the number of the fields 1 2 3 (0-11)
if you need a tipp plese write h
if you want to know the solution please write s
If you want to know the game point please write GetPoints
if you want to solve the set with out knowing just write solve
Set size of the field 3-80 size number
For a newGame please write nw
Have fun!!! if you want to finish the game please write exit
    [0]        [1]        [2]    
| green  |  |  red   |  | purple |  
| ovally |  | ovally |  | ovally |  
|   3    |  |   1    |  |   3    |  
|  fill  |  | empty  |  |halffill|  
    [3]        [4]        [5]    
| green  |  | green  |  |  red   |  
| ovally |  | ovally |  |  balk  |  
|   3    |  |   2    |  |   1    |  
| empty  |  | empty  |  | empty  |  
    [6]        [7]        [8]    
| purple |  |  red   |  |  red   |  
|  wave  |  |  wave  |  |  wave  |  
|   1    |  |   3    |  |   2    |  
|  fill  |  |  fill  |  |halffill|  
    [9]        [10]        [11]    
|  red   |  | purple |  | purple |  
|  balk  |  | ovally |  |  wave  |  
|   3    |  |   2    |  |   2    |  
|  fill  |  |halffill|  |halffill|  

INFO Timer-1 de.htwg.se.de.htwg.se.setgame.aview.tui - Welcome to SetGame!!!! 
Well ist not that hard to play ;)
If you found a set please write : set PlayerOne (or PlayerTwo) and the number of the fields 1 2 3 (0-11)
if you need a tipp plese write h
if you want to know the solution please write s
If you want to know the game point please write GetPoints
if you want to solve the set with out knowing just write solve
Set size of the field 3-80 size number
For a newGame please write nw
Have fun!!! if you want to finish the game please write exit
    [0]        [1]        [2]    
|  red   |  | purple |  | green  |  
|  balk  |  |  wave  |  | ovally |  
|   2    |  |   3    |  |   1    |  
| empty  |  | empty  |  | empty  |  
    [3]        [4]        [5]    
| green  |  | green  |  |  red   |  
| ovally |  | ovally |  |  balk  |  
|   3    |  |   2    |  |   1    |  
| empty  |  | empty  |  | empty  |  
    [6]        [7]        [8]    
| purple |  |  red   |  |  red   |  
|  wave  |  |  wave  |  |  wave  |  
|   1    |  |   3    |  |   2    |  
|  fill  |  |  fill  |  |halffill|  
    [9]        [10]        [11]    
|  red   |  | purple |  | purple |  
|  balk  |  | ovally |  |  wave  |  
|   3    |  |   3    |  |   2    |  
|  fill  |  |  fill  |  |halffill|  

INFO Timer-1 de.htwg.se.de.htwg.se.setgame.aview.tui - Welcome to SetGame!!!! 
Well ist not that hard to play ;)
If you found a set please write : set PlayerOne (or PlayerTwo) and the number of the fields 1 2 3 (0-11)
if you need a tipp plese write h
if you want to know the solution please write s
If you want to know the game point please write GetPoints
if you want to solve the set with out knowing just write solve
Set size of the field 3-80 size number
For a newGame please write nw
Have fun!!! if you want to finish the game please write exit
    [0]        [1]        [2]    
|  red   |  | purple |  |  red   |  
|  balk  |  |  wave  |  |  wave  |  
|   2    |  |   1    |  |   1    |  
|halffill|  | empty  |  |halffill|  
    [3]        [4]        [5]    
| green  |  | green  |  |  red   |  
| ovally |  | ovally |  |  balk  |  
|   3    |  |   2    |  |   1    |  
| empty  |  | empty  |  | empty  |  
    [6]        [7]        [8]    
| purple |  |  red   |  |  red   |  
|  wave  |  |  wave  |  |  wave  |  
|   1    |  |   3    |  |   2    |  
|  fill  |  |  fill  |  |halffill|  
    [9]        [10]        [11]    
|  red   |  | purple |  | purple |  
|  balk  |  | ovally |  |  wave  |  
|   3    |  |   3    |  |   2    |  
|  fill  |  |  fill  |  |halffill|  

INFO AWT-EventQueue-0 de.htwg.se.de.htwg.se.setgame.aview.tui - Welcome to SetGame!!!! 
Well ist not that hard to play ;)
If you found a set please write : set PlayerOne (or PlayerTwo) and the number of the fields 1 2 3 (0-11)
if you need a tipp plese write h
if you want to know the solution please write s
If you want to know the game point please write GetPoints
if you want to solve the set with out knowing just write solve
Set size of the field 3-80 size number
For a newGame please write nw
Have fun!!! if you want to finish the game please write exit
    [0]        [1]        [2]    
| green  |  | purple |  | green  |  
| ovally |  | ovally |  |  wave  |  
|   3    |  |   1    |  |   2    |  
|halffill|  | empty  |  | empty  |  
    [3]        [4]        [5]    
|  red   |  | green  |  |  red   |  
| ovally |  |  wave  |  |  wave  |  
|   1    |  |   1    |  |   1    |  
| empty  |  |halffill|  | empty  |  
    [6]        [7]        [8]    
| purple |  | green  |  | green  |  
|  wave  |  | ovally |  |  balk  |  
|   3    |  |   2    |  |   2    |  
|halffill|  |halffill|  |halffill|  
    [9]        [10]        [11]    
| green  |  | purple |  |  red   |  
|  balk  |  |  wave  |  |  balk  |  
|   1    |  |   2    |  |   1    |  
| empty  |  | empty  |  |  fill  |  

INFO Timer-0 de.htwg.se.de.htwg.se.setgame.aview.tui - Welcome to SetGame!!!! 
Well ist not that hard to play ;)
If you found a set please write : set PlayerOne (or PlayerTwo) and the number of the fields 1 2 3 (0-11)
if you need a tipp plese write h
if you want to know the solution please write s
If you want to know the game point please write GetPoints
if you want to solve the set with out knowing just write solve
Set size of the field 3-80 size number
For a newGame please write nw
Have fun!!! if you want to finish the game please write exit
    [0]        [1]        [2]    
| purple |  | purple |  | green  |  
|  wave  |  | ovally |  |  wave  |  
|   2    |  |   1    |  |   2    |  
|halffill|  | empty  |  | empty  |  
    [3]        [4]        [5]    
|  red   |  | purple |  |  red   |  
| ovally |  | ovally |  |  wave  |  
|   1    |  |   3    |  |   1    |  
| empty  |  |  fill  |  | empty  |  
    [6]        [7]        [8]    
| purple |  | green  |  |  red   |  
|  wave  |  | ovally |  |  wave  |  
|   3    |  |   2    |  |   2    |  
|halffill|  |halffill|  |  fill  |  
    [9]        [10]        [11]    
| green  |  | purple |  |  red   |  
|  balk  |  |  wave  |  |  balk  |  
|   1    |  |   2    |  |   1    |  
| empty  |  | empty  |  |  fill  |  

INFO Timer-0 de.htwg.se.de.htwg.se.setgame.aview.tui - Welcome to SetGame!!!! 
Well ist not that hard to play ;)
If you found a set please write : set PlayerOne (or PlayerTwo) and the number of the fields 1 2 3 (0-11)
if you need a tipp plese write h
if you want to know the solution please write s
If you want to know the game point please write GetPoints
if you want to solve the set with out knowing just write solve
Set size of the field 3-80 size number
For a newGame please write nw
Have fun!!! if you want to finish the game please write exit
    [0]        [1]        [2]    
| green  |  | purple |  | green  |  
|  wave  |  | ovally |  | ovally |  
|   1    |  |   1    |  |   2    |  
|  fill  |  | empty  |  | empty  |  
    [3]        [4]        [5]    
|  red   |  | purple |  |  red   |  
| ovally |  | ovally |  |  wave  |  
|   1    |  |   3    |  |   1    |  
| empty  |  |  fill  |  | empty  |  
    [6]        [7]        [8]    
| purple |  | green  |  | green  |  
|  wave  |  | ovally |  |  balk  |  
|   3    |  |   2    |  |   3    |  
|halffill|  |halffill|  |  fill  |  
    [9]        [10]        [11]    
| green  |  | purple |  |  red   |  
|  balk  |  |  wave  |  |  balk  |  
|   1    |  |   2    |  |   1    |  
| empty  |  | empty  |  |  fill  |  

INFO AWT-EventQueue-0 de.htwg.se.de.htwg.se.setgame.aview.tui - Welcome to SetGame!!!! 
Well ist not that hard to play ;)
If you found a set please write : set PlayerOne (or PlayerTwo) and the number of the fields 1 2 3 (0-11)
if you need a tipp plese write h
if you want to know the solution please write s
If you want to know the game point please write GetPoints
if you want to solve the set with out knowing just write solve
Set size of the field 3-80 size number
For a newGame please write nw
Have fun!!! if you want to finish the game please write exit
    [0]        [1]        [2]    
|  red   |  |  red   |  | green  |  
| ovally |  | ovally |  |  wave  |  
|   2    |  |   3    |  |   1    |  
|  fill  |  |  fill  |  |  fill  |  
    [3]        [4]        [5]    
| purple |  |  red   |  | purple |  
|  wave  |  |  wave  |  | ovally |  
|   2    |  |   2    |  |   3    |  
| empty  |  |halffill|  |halffill|  
    [6]        [7]        [8]    
| purple |  |  red   |  |  red   |  
|  wave  |  |  wave  |  |  balk  |  
|   1    |  |   3    |  |   3    |  
| empty  |  |halffill|  |halffill|  
    [9]        [10]        [11]    
| green  |  | purple |  |  red   |  
| ovally |  | ovally |  |  balk  |  
|   2    |  |   1    |  |   1    |  
|  fill  |  |  fill  |  |  fill  |  

INFO AWT-EventQueue-0 de.htwg.se.de.htwg.se.setgame.aview.tui - Welcome to SetGame!!!! 
Well ist not that hard to play ;)
If you found a set please write : set PlayerOne (or PlayerTwo) and the number of the fields 1 2 3 (0-11)
if you need a tipp plese write h
if you want to know the solution please write s
If you want to know the game point please write GetPoints
if you want to solve the set with out knowing just write solve
Set size of the field 3-80 size number
For a newGame please write nw
Have fun!!! if you want to finish the game please write exit
    [0]        [1]        [2]    
|  red   |  |  red   |  | green  |  
| ovally |  | ovally |  |  wave  |  
|   2    |  |   3    |  |   1    |  
|  fill  |  |  fill  |  |halffill|  
    [3]        [4]        [5]    
| purple |  |  red   |  | purple |  
|  wave  |  |  wave  |  | ovally |  
|   2    |  |   2    |  |   3    |  
| empty  |  |halffill|  |halffill|  
    [6]        [7]        [8]    
| purple |  |  red   |  |  red   |  
|  wave  |  |  wave  |  |  balk  |  
|   1    |  |   3    |  |   3    |  
| empty  |  |halffill|  |halffill|  
    [9]        [10]        [11]    
| green  |  | purple |  | purple |  
| ovally |  |  wave  |  |  balk  |  
|   2    |  |   3    |  |   1    |  
|  fill  |  |  fill  |  |  fill  |  

INFO Timer-4 de.htwg.se.de.htwg.se.setgame.aview.tui - Welcome to SetGame!!!! 
Well ist not that hard to play ;)
If you found a set please write : set PlayerOne (or PlayerTwo) and the number of the fields 1 2 3 (0-11)
if you need a tipp plese write h
if you want to know the solution please write s
If you want to know the game point please write GetPoints
if you want to solve the set with out knowing just write solve
Set size of the field 3-80 size number
For a newGame please write nw
Have fun!!! if you want to finish the game please write exit
    [0]        [1]        [2]    
|  red   |  |  red   |  | green  |  
| ovally |  | ovally |  |  wave  |  
|   2    |  |   3    |  |   1    |  
|  fill  |  |  fill  |  |halffill|  
    [3]        [4]        [5]    
| green  |  |  red   |  | green  |  
|  wave  |  |  wave  |  | ovally |  
|   3    |  |   2    |  |   3    |  
|halffill|  |halffill|  |  fill  |  
    [6]        [7]        [8]    
| purple |  |  red   |  |  red   |  
|  wave  |  |  wave  |  |  balk  |  
|   1    |  |   3    |  |   3    |  
| empty  |  |halffill|  |halffill|  
    [9]        [10]        [11]    
| green  |  | purple |  | purple |  
| ovally |  |  wave  |  |  wave  |  
|   2    |  |   3    |  |   2    |  
|  fill  |  |  fill  |  |halffill|  

INFO Timer-4 de.htwg.se.de.htwg.se.setgame.aview.tui - Welcome to SetGame!!!! 
Well ist not that hard to play ;)
If you found a set please write : set PlayerOne (or PlayerTwo) and the number of the fields 1 2 3 (0-11)
if you need a tipp plese write h
if you want to know the solution please write s
If you want to know the game point please write GetPoints
if you want to solve the set with out knowing just write solve
Set size of the field 3-80 size number
For a newGame please write nw
Have fun!!! if you want to finish the game please write exit
    [0]        [1]        [2]    
|  red   |  |  red   |  |  red   |  
| ovally |  | ovally |  |  wave  |  
|   2    |  |   3    |  |   1    |  
|  fill  |  |  fill  |  | empty  |  
    [3]        [4]        [5]    
| green  |  |  red   |  | green  |  
|  wave  |  |  wave  |  | ovally |  
|   3    |  |   2    |  |   3    |  
|halffill|  |halffill|  |  fill  |  
    [6]        [7]        [8]    
| purple |  |  red   |  |  red   |  
|  wave  |  |  wave  |  |  balk  |  
|   1    |  |   3    |  |   3    |  
| empty  |  |  fill  |  |halffill|  
    [9]        [10]        [11]    
| green  |  | purple |  | purple |  
| ovally |  |  wave  |  |  wave  |  
|   2    |  |   3    |  |   3    |  
|  fill  |  |  fill  |  | empty  |  

INFO AWT-EventQueue-0 de.htwg.se.de.htwg.se.setgame.aview.tui - Welcome to SetGame!!!! 
Well ist not that hard to play ;)
If you found a set please write : set PlayerOne (or PlayerTwo) and the number of the fields 1 2 3 (0-11)
if you need a tipp plese write h
if you want to know the solution please write s
If you want to know the game point please write GetPoints
if you want to solve the set with out knowing just write solve
Set size of the field 3-80 size number
For a newGame please write nw
Have fun!!! if you want to finish the game please write exit
    [0]        [1]        [2]    
| purple |  | purple |  | purple |  
|  wave  |  |  wave  |  |  wave  |  
|   1    |  |   1    |  |   3    |  
|  fill  |  |halffill|  | empty  |  
    [3]        [4]        [5]    
| green  |  |  red   |  |  red   |  
|  balk  |  | ovally |  | ovally |  
|   3    |  |   1    |  |   3    |  
| empty  |  |  fill  |  |halffill|  
    [6]        [7]        [8]    
|  red   |  |  red   |  | green  |  
|  balk  |  |  balk  |  |  wave  |  
|   1    |  |   1    |  |   2    |  
|halffill|  | empty  |  |  fill  |  
    [9]        [10]        [11]    
|  red   |  | purple |  | green  |  
|  balk  |  |  balk  |  | ovally |  
|   2    |  |   3    |  |   3    |  
|  fill  |  |  fill  |  |  fill  |  

INFO main de.htwg.se.de.htwg.se.setgame.aview.tui - Welcome to SetGame!!!! 
Well ist not that hard to play ;)
If you found a set please write : set PlayerOne (or PlayerTwo) and the number of the fields 1 2 3 (0-11)
if you need a tipp plese write h
if you want to know the solution please write s
If you want to know the game point please write GetPoints
if you want to solve the set with out knowing just write solve
Set size of the field 3-80 size number
For a newGame please write nw
Have fun!!! if you want to finish the game please write exit
    [0]        [1]        [2]    
| purple |  | green  |  |  red   |  
|  balk  |  |  balk  |  |  balk  |  
|   3    |  |   1    |  |   2    |  
|halffill|  | empty  |  |  fill  |  
    [3]        [4]        [5]    
| purple |  | green  |  | green  |  
|  wave  |  | ovally |  | ovally |  
|   2    |  |   3    |  |   1    |  
|  fill  |  | empty  |  | empty  |  
    [6]        [7]        [8]    
| green  |  | purple |  | purple |  
|  wave  |  |  wave  |  |  wave  |  
|   3    |  |   2    |  |   3    |  
| empty  |  | empty  |  |halffill|  
    [9]        [10]        [11]    
| purple |  |  red   |  | purple |  
|  balk  |  |  wave  |  |  balk  |  
|   2    |  |   2    |  |   3    |  
|halffill|  |halffill|  |  fill  |  

INFO AWT-EventQueue-0 de.htwg.se.de.htwg.se.setgame.aview.tui - Welcome to SetGame!!!! 
Well ist not that hard to play ;)
If you found a set please write : set PlayerOne (or PlayerTwo) and the number of the fields 1 2 3 (0-11)
if you need a tipp plese write h
if you want to know the solution please write s
If you want to know the game point please write GetPoints
if you want to solve the set with out knowing just write solve
Set size of the field 3-80 size number
For a newGame please write nw
Have fun!!! if you want to finish the game please write exit
    [0]        [1]        [2]    
| green  |  |  red   |  | green  |  
|  wave  |  |  wave  |  | ovally |  
|   2    |  |   2    |  |   1    |  
|halffill|  |  fill  |  |halffill|  
    [3]        [4]        [5]    
| purple |  | green  |  | green  |  
| ovally |  | ovally |  | ovally |  
|   3    |  |   3    |  |   1    |  
|halffill|  |halffill|  | empty  |  
    [6]        [7]        [8]    
|  red   |  |  red   |  | purple |  
|  balk  |  | ovally |  |  balk  |  
|   1    |  |   2    |  |   1    |  
|halffill|  |halffill|  | empty  |  
    [9]        [10]        [11]    
|  red   |  | green  |  |  red   |  
|  balk  |  |  balk  |  |  balk  |  
|   2    |  |   1    |  |   3    |  
|  fill  |  |  fill  |  |  fill  |  

INFO Timer-3 de.htwg.se.de.htwg.se.setgame.aview.tui - Welcome to SetGame!!!! 
Well ist not that hard to play ;)
If you found a set please write : set PlayerOne (or PlayerTwo) and the number of the fields 1 2 3 (0-11)
if you need a tipp plese write h
if you want to know the solution please write s
If you want to know the game point please write GetPoints
if you want to solve the set with out knowing just write solve
Set size of the field 3-80 size number
For a newGame please write nw
Have fun!!! if you want to finish the game please write exit
    [0]        [1]        [2]    
|  red   |  |  red   |  | green  |  
|  balk  |  |  wave  |  | ovally |  
|   1    |  |   2    |  |   1    |  
|  fill  |  |  fill  |  |halffill|  
    [3]        [4]        [5]    
|  red   |  | green  |  | green  |  
|  balk  |  | ovally |  | ovally |  
|   3    |  |   3    |  |   1    |  
| empty  |  |halffill|  | empty  |  
    [6]        [7]        [8]    
| green  |  |  red   |  | purple |  
|  wave  |  | ovally |  |  balk  |  
|   3    |  |   2    |  |   1    |  
| empty  |  |halffill|  | empty  |  
    [9]        [10]        [11]    
|  red   |  | green  |  |  red   |  
|  balk  |  |  balk  |  |  balk  |  
|   2    |  |   1    |  |   3    |  
|  fill  |  |  fill  |  |  fill  |  

INFO Timer-3 de.htwg.se.de.htwg.se.setgame.aview.tui - Welcome to SetGame!!!! 
Well ist not that hard to play ;)
If you found a set please write : set PlayerOne (or PlayerTwo) and the number of the fields 1 2 3 (0-11)
if you need a tipp plese write h
if you want to know the solution please write s
If you want to know the game point please write GetPoints
if you want to solve the set with out knowing just write solve
Set size of the field 3-80 size number
For a newGame please write nw
Have fun!!! if you want to finish the game please write exit
    [0]        [1]        [2]    
| green  |  |  red   |  | green  |  
|  balk  |  |  wave  |  | ovally |  
|   3    |  |   2    |  |   1    |  
|  fill  |  |  fill  |  |halffill|  
    [3]        [4]        [5]    
|  red   |  | green  |  | green  |  
|  balk  |  | ovally |  | ovally |  
|   3    |  |   3    |  |   1    |  
| empty  |  |halffill|  | empty  |  
    [6]        [7]        [8]    
| green  |  |  red   |  | purple |  
|  wave  |  | ovally |  |  balk  |  
|   3    |  |   2    |  |   1    |  
| empty  |  |halffill|  | empty  |  
    [9]        [10]        [11]    
| green  |  | green  |  | purple |  
| ovally |  |  balk  |  |  balk  |  
|   2    |  |   1    |  |   2    |  
|  fill  |  |  fill  |  |halffill|  

INFO AWT-EventQueue-0 de.htwg.se.de.htwg.se.setgame.aview.tui - Welcome to SetGame!!!! 
Well ist not that hard to play ;)
If you found a set please write : set PlayerOne (or PlayerTwo) and the number of the fields 1 2 3 (0-11)
if you need a tipp plese write h
if you want to know the solution please write s
If you want to know the game point please write GetPoints
if you want to solve the set with out knowing just write solve
Set size of the field 3-80 size number
For a newGame please write nw
Have fun!!! if you want to finish the game please write exit
    [0]        [1]        [2]    
|  red   |  | purple |  |  red   |  
| ovally |  | ovally |  |  balk  |  
|   3    |  |   1    |  |   1    |  
|  fill  |  | empty  |  | empty  |  
    [3]        [4]        [5]    
| purple |  | green  |  | green  |  
| ovally |  | ovally |  |  wave  |  
|   3    |  |   2    |  |   2    |  
| empty  |  |  fill  |  | empty  |  
    [6]        [7]        [8]    
| purple |  |  red   |  | purple |  
|  balk  |  |  balk  |  |  wave  |  
|   2    |  |   3    |  |   3    |  
| empty  |  |halffill|  |halffill|  
    [9]        [10]        [11]    
| green  |  | purple |  |  red   |  
|  balk  |  |  wave  |  | ovally |  
|   1    |  |   3    |  |   3    |  
|  fill  |  | empty  |  | empty  |  

INFO Timer-4 de.htwg.se.de.htwg.se.setgame.aview.tui - Welcome to SetGame!!!! 
Well ist not that hard to play ;)
If you found a set please write : set PlayerOne (or PlayerTwo) and the number of the fields 1 2 3 (0-11)
if you need a tipp plese write h
if you want to know the solution please write s
If you want to know the game point please write GetPoints
if you want to solve the set with out knowing just write solve
Set size of the field 3-80 size number
For a newGame please write nw
Have fun!!! if you want to finish the game please write exit
    [0]        [1]        [2]    
|  red   |  |  red   |  |  red   |  
| ovally |  |  balk  |  |  balk  |  
|   3    |  |   1    |  |   1    |  
|  fill  |  |  fill  |  | empty  |  
    [3]        [4]        [5]    
| purple |  | green  |  | green  |  
| ovally |  | ovally |  |  wave  |  
|   3    |  |   2    |  |   2    |  
| empty  |  |  fill  |  | empty  |  
    [6]        [7]        [8]    
|  red   |  |  red   |  | purple |  
| ovally |  |  balk  |  |  wave  |  
|   1    |  |   3    |  |   3    |  
| empty  |  |halffill|  |halffill|  
    [9]        [10]        [11]    
| green  |  | purple |  |  red   |  
|  balk  |  | ovally |  | ovally |  
|   1    |  |   1    |  |   3    |  
|  fill  |  |halffill|  | empty  |  

INFO Timer-4 de.htwg.se.de.htwg.se.setgame.aview.tui - Welcome to SetGame!!!! 
Well ist not that hard to play ;)
If you found a set please write : set PlayerOne (or PlayerTwo) and the number of the fields 1 2 3 (0-11)
if you need a tipp plese write h
if you want to know the solution please write s
If you want to know the game point please write GetPoints
if you want to solve the set with out knowing just write solve
Set size of the field 3-80 size number
For a newGame please write nw
Have fun!!! if you want to finish the game please write exit
    [0]        [1]        [2]    
|  red   |  |  red   |  | green  |  
| ovally |  |  balk  |  |  balk  |  
|   3    |  |   1    |  |   3    |  
|  fill  |  |  fill  |  |halffill|  
    [3]        [4]        [5]    
| purple |  | green  |  | green  |  
|  balk  |  | ovally |  |  wave  |  
|   2    |  |   2    |  |   3    |  
|  fill  |  |  fill  |  | empty  |  
    [6]        [7]        [8]    
|  red   |  |  red   |  | purple |  
| ovally |  |  balk  |  |  wave  |  
|   1    |  |   3    |  |   3    |  
| empty  |  |halffill|  |halffill|  
    [9]        [10]        [11]    
| green  |  | purple |  |  red   |  
|  balk  |  | ovally |  | ovally |  
|   1    |  |   1    |  |   3    |  
|  fill  |  |halffill|  | empty  |  

INFO AWT-EventQueue-0 de.htwg.se.de.htwg.se.setgame.aview.tui - Welcome to SetGame!!!! 
Well ist not that hard to play ;)
If you found a set please write : set PlayerOne (or PlayerTwo) and the number of the fields 1 2 3 (0-11)
if you need a tipp plese write h
if you want to know the solution please write s
If you want to know the game point please write GetPoints
if you want to solve the set with out knowing just write solve
Set size of the field 3-80 size number
For a newGame please write nw
Have fun!!! if you want to finish the game please write exit
    [0]        [1]        [2]    
| purple |  | green  |  |  red   |  
|  wave  |  | ovally |  |  balk  |  
|   1    |  |   3    |  |   2    |  
|halffill|  |  fill  |  | empty  |  
    [3]        [4]        [5]    
| purple |  |  red   |  | green  |  
|  balk  |  |  balk  |  |  wave  |  
|   2    |  |   1    |  |   3    |  
|  fill  |  |halffill|  | empty  |  
    [6]        [7]        [8]    
|  red   |  |  red   |  | purple |  
| ovally |  |  balk  |  |  wave  |  
|   1    |  |   3    |  |   3    |  
| empty  |  |halffill|  |halffill|  
    [9]        [10]        [11]    
| green  |  | purple |  | purple |  
|  balk  |  | ovally |  |  wave  |  
|   1    |  |   1    |  |   2    |  
|  fill  |  |  fill  |  | empty  |  

INFO AWT-EventQueue-0 de.htwg.se.de.htwg.se.setgame.aview.tui - Welcome to SetGame!!!! 
Well ist not that hard to play ;)
If you found a set please write : set PlayerOne (or PlayerTwo) and the number of the fields 1 2 3 (0-11)
if you need a tipp plese write h
if you want to know the solution please write s
If you want to know the game point please write GetPoints
if you want to solve the set with out knowing just write solve
Set size of the field 3-80 size number
For a newGame please write nw
Have fun!!! if you want to finish the game please write exit
    [0]        [1]        [2]    
|  red   |  |  red   |  | purple |  
|  balk  |  | ovally |  |  balk  |  
|   3    |  |   2    |  |   3    |  
|halffill|  |halffill|  |halffill|  
    [3]        [4]        [5]    
| green  |  |  red   |  |  red   |  
|  wave  |  |  balk  |  |  balk  |  
|   1    |  |   3    |  |   1    |  
|halffill|  |  fill  |  | empty  |  
    [6]        [7]        [8]    
| green  |  | purple |  | green  |  
| ovally |  |  wave  |  |  wave  |  
|   1    |  |   1    |  |   3    |  
|  fill  |  |halffill|  |halffill|  
    [9]        [10]        [11]    
| green  |  |  red   |  | purple |  
|  wave  |  | ovally |  | ovally |  
|   1    |  |   3    |  |   3    |  
|  fill  |  | empty  |  |halffill|  

